<component name="libraryTable">
  <library name="junit-jupiter-params-5.3.2">
    <CLASSES>
      <root url="jar://$USER_HOME$/junit-workshopTesting/junit-workshop-timetravelers/lib/junit-jupiter-params-5.3.2.jar!/" />
    </CLASSES>
    <JAVADOC />
    <SOURCES />
  </library>
</component>